<?xml version="1.0" encoding="UTF-8"?>
<testng-results skipped="0" failed="0" ignored="0" total="1" passed="1">
  <reporter-output>
  </reporter-output>
  <suite name="Default suite" duration-ms="195767" started-at="2022-01-17T08:37:12Z" finished-at="2022-01-17T08:40:27Z">
    <groups>
    </groups>
    <test name="Default test" duration-ms="195767" started-at="2022-01-17T08:37:12Z" finished-at="2022-01-17T08:40:27Z">
      <class name="com.Zap.GE.Test.Test1">
        <test-method status="PASS" signature="setUp()[pri:0, instance:com.Zap.GE.Test.Test1@1e127982]" name="setUp" is-config="true" duration-ms="88" started-at="2022-01-17T10:37:12Z" finished-at="2022-01-17T10:37:12Z">
          <reporter-output>
          </reporter-output>
        </test-method> <!-- setUp -->
        <test-method status="PASS" signature="beforeTest()[pri:0, instance:com.Zap.GE.Test.Test1@1e127982]" name="beforeTest" is-config="true" duration-ms="17606" started-at="2022-01-17T10:37:12Z" finished-at="2022-01-17T10:37:29Z">
          <reporter-output>
          </reporter-output>
        </test-method> <!-- beforeTest -->
        <test-method status="PASS" signature="zapTest()[pri:0, instance:com.Zap.GE.Test.Test1@1e127982]" name="zapTest" duration-ms="177998" started-at="2022-01-17T10:37:29Z" finished-at="2022-01-17T10:40:27Z">
          <reporter-output>
          </reporter-output>
        </test-method> <!-- zapTest -->
      </class> <!-- com.Zap.GE.Test.Test1 -->
    </test> <!-- Default test -->
  </suite> <!-- Default suite -->
</testng-results>
